# JRE version: OpenJDK Runtime Environment (11.0.15) (build 11.0.15+0-b2043.56-9505619)
# Java VM: OpenJDK 64-Bit Server VM (11.0.15+0-b2043.56-9505619, mixed mode, tiered, compressed oops, g1 gc, windows-amd64)
Heap:
 garbage-first heap   total 129024K, used 59539K [0x0000000080000000, 0x0000000100000000)
  region size 1024K, 33 young (33792K), 4 survivors (4096K)
 Metaspace       used 47572K, capacity 48721K, committed 48944K, reserved 1091584K
  class space    used 6066K, capacity 6494K, committed 6528K, reserved 1048576K
GC Heap History (18 events):
Event: 1.267 GC heap before
{Heap before GC invocations=0 (full 0):
 garbage-first heap   total 129024K, used 16384K [0x0000000080000000, 0x0000000100000000)
  region size 1024K, 14 young (14336K), 0 survivors (0K)
 Metaspace       used 6756K, capacity 6993K, committed 7168K, reserved 1056768K
  class space    used 571K, capacity 650K, committed 768K, reserved 1048576K
}
Event: 1.398 GC heap after
{Heap after GC invocations=1 (full 0):
 garbage-first heap   total 129024K, used 4031K [0x0000000080000000, 0x0000000100000000)
  region size 1024K, 2 young (2048K), 2 survivors (2048K)
 Metaspace       used 6756K, capacity 6993K, committed 7168K, reserved 1056768K
  class space    used 571K, capacity 650K, committed 768K, reserved 1048576K
}
Event: 5.471 GC heap before
{Heap before GC invocations=1 (full 0):
 garbage-first heap   total 129024K, used 82879K [0x0000000080000000, 0x0000000100000000)
  region size 1024K, 75 young (76800K), 2 survivors (2048K)
 Metaspace       used 17372K, capacity 17818K, committed 18048K, reserved 1064960K
  class space    used 1992K, capacity 2135K, committed 2176K, reserved 1048576K
}
Event: 5.543 GC heap after
{Heap after GC invocations=2 (full 0):
 garbage-first heap   total 129024K, used 15759K [0x0000000080000000, 0x0000000100000000)
  region size 1024K, 10 young (10240K), 10 survivors (10240K)
 Metaspace       used 17372K, capacity 17818K, committed 18048K, reserved 1064960K
  class space    used 1992K, capacity 2135K, committed 2176K, reserved 1048576K
}
Event: 5.765 GC heap before
{Heap before GC invocations=2 (full 0):
 garbage-first heap   total 129024K, used 31119K [0x0000000080000000, 0x0000000100000000)
  region size 1024K, 25 young (25600K), 10 survivors (10240K)
 Metaspace       used 19032K, capacity 19485K, committed 19584K, reserved 1067008K
  class space    used 2238K, capacity 2353K, committed 2432K, reserved 1048576K
}
Event: 5.773 GC heap after
{Heap after GC invocations=3 (full 0):
 garbage-first heap   total 129024K, used 16754K [0x0000000080000000, 0x0000000100000000)
  region size 1024K, 1 young (1024K), 1 survivors (1024K)
 Metaspace       used 19032K, capacity 19485K, committed 19584K, reserved 1067008K
  class space    used 2238K, capacity 2353K, committed 2432K, reserved 1048576K
}
Event: 6.138 GC heap before
{Heap before GC invocations=3 (full 0):
 garbage-first heap   total 129024K, used 35186K [0x0000000080000000, 0x0000000100000000)
  region size 1024K, 20 young (20480K), 1 survivors (1024K)
 Metaspace       used 20796K, capacity 21187K, committed 21296K, reserved 1069056K
  class space    used 2523K, capacity 2685K, committed 2688K, reserved 1048576K
}
Event: 6.141 GC heap after
{Heap after GC invocations=4 (full 0):
 garbage-first heap   total 129024K, used 16961K [0x0000000080000000, 0x0000000100000000)
  region size 1024K, 2 young (2048K), 2 survivors (2048K)
 Metaspace       used 20796K, capacity 21187K, committed 21296K, reserved 1069056K
  class space    used 2523K, capacity 2685K, committed 2688K, reserved 1048576K
}
Event: 7.439 GC heap before
{Heap before GC invocations=5 (full 0):
 garbage-first heap   total 129024K, used 59969K [0x0000000080000000, 0x0000000100000000)
  region size 1024K, 44 young (45056K), 2 survivors (2048K)
 Metaspace       used 25078K, capacity 25653K, committed 25904K, reserved 1071104K
  class space    used 3221K, capacity 3416K, committed 3456K, reserved 1048576K
}
Event: 7.447 GC heap after
{Heap after GC invocations=6 (full 0):
 garbage-first heap   total 129024K, used 18396K [0x0000000080000000, 0x0000000100000000)
  region size 1024K, 3 young (3072K), 3 survivors (3072K)
 Metaspace       used 25078K, capacity 25653K, committed 25904K, reserved 1071104K
  class space    used 3221K, capacity 3416K, committed 3456K, reserved 1048576K
}
Event: 8.881 GC heap before
{Heap before GC invocations=6 (full 0):
 garbage-first heap   total 129024K, used 70620K [0x0000000080000000, 0x0000000100000000)
  region size 1024K, 54 young (55296K), 3 survivors (3072K)
 Metaspace       used 30008K, capacity 30785K, committed 30896K, reserved 1075200K
  class space    used 3995K, capacity 4282K, committed 4352K, reserved 1048576K
}
Event: 8.886 GC heap after
{Heap after GC invocations=7 (full 0):
 garbage-first heap   total 129024K, used 20160K [0x0000000080000000, 0x0000000100000000)
  region size 1024K, 5 young (5120K), 5 survivors (5120K)
 Metaspace       used 30008K, capacity 30785K, committed 30896K, reserved 1075200K
  class space    used 3995K, capacity 4282K, committed 4352K, reserved 1048576K
}
Event: 10.357 GC heap before
{Heap before GC invocations=7 (full 0):
 garbage-first heap   total 129024K, used 46784K [0x0000000080000000, 0x0000000100000000)
  region size 1024K, 32 young (32768K), 5 survivors (5120K)
 Metaspace       used 34891K, capacity 35726K, committed 35888K, reserved 1081344K
  class space    used 4557K, capacity 4889K, committed 4992K, reserved 1048576K
}
Event: 10.365 GC heap after
{Heap after GC invocations=8 (full 0):
 garbage-first heap   total 129024K, used 22465K [0x0000000080000000, 0x0000000100000000)
  region size 1024K, 6 young (6144K), 6 survivors (6144K)
 Metaspace       used 34891K, capacity 35726K, committed 35888K, reserved 1081344K
  class space    used 4557K, capacity 4889K, committed 4992K, reserved 1048576K
}
Event: 11.648 GC heap before
{Heap before GC invocations=9 (full 0):
 garbage-first heap   total 129024K, used 81857K [0x0000000080000000, 0x0000000100000000)
  region size 1024K, 62 young (63488K), 6 survivors (6144K)
 Metaspace       used 40668K, capacity 41612K, committed 41904K, reserved 1085440K
  class space    used 5137K, capacity 5521K, committed 5632K, reserved 1048576K
}
Event: 11.661 GC heap after
{Heap after GC invocations=10 (full 0):
 garbage-first heap   total 129024K, used 27422K [0x0000000080000000, 0x0000000100000000)
  region size 1024K, 8 young (8192K), 8 survivors (8192K)
 Metaspace       used 40668K, capacity 41612K, committed 41904K, reserved 1085440K
  class space    used 5137K, capacity 5521K, committed 5632K, reserved 1048576K
}
Event: 15.350 GC heap before
{Heap before GC invocations=10 (full 0):
 garbage-first heap   total 129024K, used 83742K [0x0000000080000000, 0x0000000100000000)
  region size 1024K, 63 young (64512K), 8 survivors (8192K)
 Metaspace       used 45505K, capacity 46588K, committed 46896K, reserved 1089536K
  class space    used 5777K, capacity 6187K, committed 6272K, reserved 1048576K
}
Event: 15.367 GC heap after
{Heap after GC invocations=11 (full 0):
 garbage-first heap   total 129024K, used 30867K [0x0000000080000000, 0x0000000100000000)
  region size 1024K, 4 young (4096K), 4 survivors (4096K)
 Metaspace       used 45505K, capacity 46588K, committed 46896K, reserved 1089536K
  class space    used 5777K, capacity 6187K, committed 6272K, reserved 1048576K
}

